<?xml version="1.0" encoding="UTF-8"?>
<coverage generated="1655237446531" clover="3.2.0">
  <project timestamp="1655237446531" name="All files">
    <metrics statements="13" coveredstatements="13" conditionals="4" coveredconditionals="3" methods="3" coveredmethods="3" elements="20" coveredelements="19" complexity="0" loc="13" ncloc="13" packages="1" files="1" classes="1"/>
    <file name="index.ts" path="/home/gcb/Área de Trabalho/Testes lógicos/BINARY2DECIMAL/Ex/index.ts">
      <metrics statements="13" coveredstatements="13" conditionals="4" coveredconditionals="3" methods="3" coveredmethods="3"/>
      <line num="1" count="1" type="stmt"/>
      <line num="3" count="2" type="stmt"/>
      <line num="4" count="2" type="stmt"/>
      <line num="11" count="1" type="stmt"/>
      <line num="12" count="6" type="cond" truecount="2" falsecount="1"/>
      <line num="16" count="6" type="stmt"/>
      <line num="19" count="6" type="stmt"/>
      <line num="24" count="6" type="cond" truecount="1" falsecount="0"/>
      <line num="27" count="2" type="stmt"/>
      <line num="33" count="4" type="stmt"/>
      <line num="47" count="4" type="stmt"/>
      <line num="48" count="14" type="stmt"/>
      <line num="54" count="1" type="stmt"/>
    </file>
  </project>
</coverage>
