<?xml version="1.0" encoding="UTF-8"?>
<coverage generated="1655234574241" clover="3.2.0">
  <project timestamp="1655234574241" name="All files">
    <metrics statements="10" coveredstatements="10" conditionals="1" coveredconditionals="1" methods="2" coveredmethods="2" elements="13" coveredelements="13" complexity="0" loc="10" ncloc="10" packages="1" files="1" classes="1"/>
    <file name="index.ts" path="/home/gcb/Área de Trabalho/Testes lógicos/BINARY2DECIMAL/Ex/index.ts">
      <metrics statements="10" coveredstatements="10" conditionals="1" coveredconditionals="1" methods="2" coveredmethods="2"/>
      <line num="4" count="1" type="stmt"/>
      <line num="7" count="5" type="stmt"/>
      <line num="10" count="5" type="stmt"/>
      <line num="16" count="5" type="stmt"/>
      <line num="21" count="5" type="cond" truecount="1" falsecount="0"/>
      <line num="24" count="1" type="stmt"/>
      <line num="38" count="4" type="stmt"/>
      <line num="39" count="14" type="stmt"/>
      <line num="43" count="4" type="stmt"/>
      <line num="47" count="1" type="stmt"/>
    </file>
  </project>
</coverage>
