{"/home/gcb/Área de Trabalho/Testes lógicos/BINARY2DECIMAL/Ex/index.ts": {"path":"/home/gcb/Área de Trabalho/Testes lógicos/BINARY2DECIMAL/Ex/index.ts","statementMap":{"0":{"start":{"line":3,"column":4},"end":{"line":3,"column":62}},"1":{"start":{"line":4,"column":4},"end":{"line":4,"column":null}},"2":{"start":{"line":1,"column":0},"end":{"line":1,"column":13}},"3":{"start":{"line":12,"column":2},"end":{"line":12,"column":64}},"4":{"start":{"line":12,"column":31},"end":{"line":12,"column":64}},"5":{"start":{"line":16,"column":28},"end":{"line":16,"column":50}},"6":{"start":{"line":19,"column":23},"end":{"line":19,"column":40}},"7":{"start":{"line":24,"column":2},"end":{"line":27,"column":37}},"8":{"start":{"line":27,"column":4},"end":{"line":27,"column":37}},"9":{"start":{"line":33,"column":30},"end":{"line":33,"column":62}},"10":{"start":{"line":47,"column":2},"end":{"line":50,"column":4}},"11":{"start":{"line":48,"column":24},"end":{"line":48,"column":53}},"12":{"start":{"line":11,"column":0},"end":{"line":11,"column":16}},"13":{"start":{"line":54,"column":0},"end":{"line":54,"column":28}}},"fnMap":{"0":{"name":"(anonymous_0)","decl":{"start":{"line":2,"column":2},"end":{"line":2,"column":null}},"loc":{"start":{"line":2,"column":2},"end":{"line":5,"column":3}}},"1":{"name":"converterBinaryToDecimal","decl":{"start":{"line":11,"column":16},"end":{"line":11,"column":40}},"loc":{"start":{"line":11,"column":64},"end":{"line":51,"column":1}}},"2":{"name":"(anonymous_2)","decl":{"start":{"line":48,"column":4},"end":{"line":48,"column":5}},"loc":{"start":{"line":48,"column":24},"end":{"line":48,"column":53}}}},"branchMap":{"0":{"loc":{"start":{"line":12,"column":2},"end":{"line":12,"column":64}},"type":"if","locations":[{"start":{"line":12,"column":2},"end":{"line":12,"column":64}}]},"1":{"loc":{"start":{"line":12,"column":6},"end":{"line":12,"column":29}},"type":"binary-expr","locations":[{"start":{"line":12,"column":6},"end":{"line":12,"column":18}},{"start":{"line":12,"column":22},"end":{"line":12,"column":29}}]},"2":{"loc":{"start":{"line":24,"column":2},"end":{"line":27,"column":37}},"type":"if","locations":[{"start":{"line":24,"column":2},"end":{"line":27,"column":37}}]}},"s":{"0":2,"1":2,"2":1,"3":6,"4":0,"5":6,"6":6,"7":6,"8":2,"9":4,"10":4,"11":14,"12":1,"13":1},"f":{"0":2,"1":6,"2":14},"b":{"0":[0],"1":[6,6],"2":[2]}}
}
