{"/home/gcb/Área de Trabalho/Testes lógicos/BINARY2DECIMAL/Ex/index.ts": {"path":"/home/gcb/Área de Trabalho/Testes lógicos/BINARY2DECIMAL/Ex/index.ts","statementMap":{"0":{"start":{"line":7,"column":28},"end":{"line":7,"column":50}},"1":{"start":{"line":10,"column":23},"end":{"line":10,"column":40}},"2":{"start":{"line":16,"column":30},"end":{"line":16,"column":62}},"3":{"start":{"line":21,"column":2},"end":{"line":24,"column":72}},"4":{"start":{"line":24,"column":4},"end":{"line":24,"column":72}},"5":{"start":{"line":38,"column":16},"end":{"line":40,"column":7}},"6":{"start":{"line":39,"column":4},"end":{"line":39,"column":44}},"7":{"start":{"line":43,"column":2},"end":{"line":43,"column":17}},"8":{"start":{"line":4,"column":0},"end":{"line":4,"column":16}},"9":{"start":{"line":47,"column":0},"end":{"line":47,"column":28}}},"fnMap":{"0":{"name":"converterBinaryToDecimal","decl":{"start":{"line":4,"column":16},"end":{"line":4,"column":40}},"loc":{"start":{"line":4,"column":64},"end":{"line":44,"column":1}}},"1":{"name":"(anonymous_1)","decl":{"start":{"line":38,"column":43},"end":{"line":38,"column":44}},"loc":{"start":{"line":38,"column":61},"end":{"line":40,"column":3}}}},"branchMap":{"0":{"loc":{"start":{"line":21,"column":2},"end":{"line":24,"column":72}},"type":"if","locations":[{"start":{"line":21,"column":2},"end":{"line":24,"column":72}}]}},"s":{"0":5,"1":5,"2":5,"3":5,"4":1,"5":4,"6":14,"7":4,"8":1,"9":1},"f":{"0":5,"1":14},"b":{"0":[1]}}
}
